This is pdfTeX, Version 3.141592-1.40.3 (MiKTeX 2.6 Beta 3) (preloaded format=pdflatex 2008.5.19)  12 DEC 2008 18:13
entering extended mode
**C:/Documents*and*Settings/ovi/Desktop/LatexTemplates/report/report.tex
("C:\Documents and Settings\ovi\Desktop\LatexTemplates\report\report.tex"
LaTeX2e <2005/12/01>
Babel <v3.8g> and hyphenation patterns for english, dumylang, nohyphenation, ge
rman, ngerman, french, loaded.
("C:\Program Files\MiKTeX 2.6\tex\latex\base\report.cls"
Document Class: report 2005/09/16 v1.4f Standard LaTeX document class
("C:\Program Files\MiKTeX 2.6\tex\latex\base\size11.clo"
File: size11.clo 2005/09/16 v1.4f Standard LaTeX file (size option)
)
\c@part=\count79
\c@chapter=\count80
\c@section=\count81
\c@subsection=\count82
\c@subsubsection=\count83
\c@paragraph=\count84
\c@subparagraph=\count85
\c@figure=\count86
\c@table=\count87
\abovecaptionskip=\skip41
\belowcaptionskip=\skip42
\bibindent=\dimen102
)
("C:\Program Files\MiKTeX 2.6\tex\latex\graphics\graphicx.sty"
Package: graphicx 1999/02/16 v1.0f Enhanced LaTeX Graphics (DPC,SPQR)

("C:\Program Files\MiKTeX 2.6\tex\latex\graphics\keyval.sty"
Package: keyval 1999/03/16 v1.13 key=value parser (DPC)
\KV@toks@=\toks14
)
("C:\Program Files\MiKTeX 2.6\tex\latex\graphics\graphics.sty"
Package: graphics 2006/02/20 v1.0o Standard LaTeX Graphics (DPC,SPQR)

("C:\Program Files\MiKTeX 2.6\tex\latex\graphics\trig.sty"
Package: trig 1999/03/16 v1.09 sin cos tan (DPC)
)
("C:\Program Files\MiKTeX 2.6\tex\latex\00miktex\graphics.cfg"
File: graphics.cfg 2005/12/29 v1.2 MiKTeX 'graphics' configuration
)
Package graphics Info: Driver file: pdftex.def on input line 90.

("C:\Program Files\MiKTeX 2.6\tex\latex\graphics\pdftex.def"
File: pdftex.def 2007/03/15 v0.04e Graphics/color for pdfTeX
\Gread@gobject=\count88
))
\Gin@req@height=\dimen103
\Gin@req@width=\dimen104
)
("C:\Program Files\MiKTeX 2.6\tex\latex\amsfonts\amssymb.sty"
Package: amssymb 2002/01/22 v2.2d

("C:\Program Files\MiKTeX 2.6\tex\latex\amsfonts\amsfonts.sty"
Package: amsfonts 2001/10/25 v2.2f
\@emptytoks=\toks15
\symAMSa=\mathgroup4
\symAMSb=\mathgroup5
LaTeX Font Info:    Overwriting math alphabet `\mathfrak' in version `bold'
(Font)                  U/euf/m/n --> U/euf/b/n on input line 132.
))
("C:\Program Files\MiKTeX 2.6\tex\latex\amsmath\amstext.sty"
Package: amstext 2000/06/29 v2.01

("C:\Program Files\MiKTeX 2.6\tex\latex\amsmath\amsgen.sty"
File: amsgen.sty 1999/11/30 v2.0
\@emptytoks=\toks16
\ex@=\dimen105
))
("C:\Program Files\MiKTeX 2.6\tex\latex\amsmath\amsmath.sty"
Package: amsmath 2000/07/18 v2.13 AMS math features
\@mathmargin=\skip43

For additional information on amsmath, use the `?' option.
("C:\Program Files\MiKTeX 2.6\tex\latex\amsmath\amsbsy.sty"
Package: amsbsy 1999/11/29 v1.2d
\pmbraise@=\dimen106
)
("C:\Program Files\MiKTeX 2.6\tex\latex\amsmath\amsopn.sty"
Package: amsopn 1999/12/14 v2.01 operator names
)
\inf@bad=\count89
LaTeX Info: Redefining \frac on input line 211.
\uproot@=\count90
\leftroot@=\count91
LaTeX Info: Redefining \overline on input line 307.
\classnum@=\count92
\DOTSCASE@=\count93
LaTeX Info: Redefining \ldots on input line 379.
LaTeX Info: Redefining \dots on input line 382.
LaTeX Info: Redefining \cdots on input line 467.
\Mathstrutbox@=\box26
\strutbox@=\box27
\big@size=\dimen107
LaTeX Font Info:    Redeclaring font encoding OML on input line 567.
LaTeX Font Info:    Redeclaring font encoding OMS on input line 568.
\macc@depth=\count94
\c@MaxMatrixCols=\count95
\dotsspace@=\muskip10
\c@parentequation=\count96
\dspbrk@lvl=\count97
\tag@help=\toks17
\row@=\count98
\column@=\count99
\maxfields@=\count100
\andhelp@=\toks18
\eqnshift@=\dimen108
\alignsep@=\dimen109
\tagshift@=\dimen110
\tagwidth@=\dimen111
\totwidth@=\dimen112
\lineht@=\dimen113
\@envbody=\toks19
\multlinegap=\skip44
\multlinetaggap=\skip45
\mathdisplay@stack=\toks20
LaTeX Info: Redefining \[ on input line 2666.
LaTeX Info: Redefining \] on input line 2667.
) (report.aux
(chap1.aux) (chap2.aux) (chap3.aux) (chap4.aux) (biblio.aux) (app4.aux)
(app1.aux) (app2.aux) (app3.aux))
LaTeX Font Info:    Checking defaults for OML/cmm/m/it on input line 19.
LaTeX Font Info:    ... okay on input line 19.
LaTeX Font Info:    Checking defaults for T1/cmr/m/n on input line 19.
LaTeX Font Info:    ... okay on input line 19.
LaTeX Font Info:    Checking defaults for OT1/cmr/m/n on input line 19.
LaTeX Font Info:    ... okay on input line 19.
LaTeX Font Info:    Checking defaults for OMS/cmsy/m/n on input line 19.
LaTeX Font Info:    ... okay on input line 19.
LaTeX Font Info:    Checking defaults for OMX/cmex/m/n on input line 19.
LaTeX Font Info:    ... okay on input line 19.
LaTeX Font Info:    Checking defaults for U/cmr/m/n on input line 19.
LaTeX Font Info:    ... okay on input line 19.

("C:\Program Files\MiKTeX 2.6\tex\context\base\supp-pdf.tex"
[Loading MPS to PDF converter (version 2006.09.02).]
\scratchcounter=\count101
\scratchdimen=\dimen114
\scratchbox=\box28
\nofMPsegments=\count102
\nofMParguments=\count103
\MPscratchCnt=\count104
\MPscratchDim=\dimen115
\MPnumerator=\count105
\everyMPtoPDFconversion=\toks21
)
Missing character: There is no î in font cmr17!
LaTeX Font Info:    Try loading font information for U+msa on input line 23.
 ("C:\Program Files\MiKTeX 2.6\tex\latex\amsfonts\umsa.fd"
File: umsa.fd 2002/01/19 v2.2g AMS font definitions
)
LaTeX Font Info:    Try loading font information for U+msb on input line 23.

("C:\Program Files\MiKTeX 2.6\tex\latex\amsfonts\umsb.fd"
File: umsb.fd 2002/01/19 v2.2g AMS font definitions
) [1

{psfonts.map}]
[1] (report.toc

LaTeX Warning: Reference `angels' on page 18 undefined on input line 22.

)
\tf@toc=\write3
 [1

] (chap1.tex
Chapter 1.
[2


]) [3] (chap2.tex
Chapter 2.
[4



] [5]
\c@Main=\count106
\c@second=\count107
 [6]) [7] (chap3.tex
Chapter 3.
<pic1.jpg, id=52, 180.675pt x 103.70744pt>
File: pic1.jpg Graphic file (type jpg)
 <use pic1.jpg> [8



 <pic1.jpg>]
<pic2.jpg, id=56, 481.8pt x 361.35pt>
File: pic2.jpg Graphic file (type jpg)
 <use pic2.jpg>
<pic3.jpg, id=57, 481.8pt x 361.35pt>
File: pic3.jpg Graphic file (type jpg)
 <use pic3.jpg>
<pic4.jpg, id=58, 481.8pt x 361.35pt>
File: pic4.jpg Graphic file (type jpg)
 <use pic4.jpg>
<pic5.jpg, id=59, 481.8pt x 361.35pt>
File: pic5.jpg Graphic file (type jpg)
 <use pic5.jpg> [9 <pic2.jpg>] [10 <pic3.jpg> <pic4.jpg> <pic5.jpg>]) [11] (cha
p4.tex
Chapter 4.
LaTeX Font Info:    Try loading font information for OMS+cmr on input line 11.
("C:\Program Files\MiKTeX 2.6\tex\latex\base\omscmr.fd"
File: omscmr.fd 1999/05/25 v2.5h Standard LaTeX font definitions
)
LaTeX Font Info:    Font shape `OMS/cmr/m/n' in size <10.95> not available
(Font)              Font shape `OMS/cmsy/m/n' tried instead on input line 11.
) [12



] (biblio.tex
[13



]) [14] (app4.tex
Appendix A.
[15



] [16]) [17] (app1.tex
Appendix B.
) [18



] (app2.tex
Appendix C.
) [19



] (app3.tex
Appendix D.
) [20



] (report.aux (chap1.aux) (chap2.aux) (chap3.aux) (chap4.aux) (biblio.aux) (app
4.aux) (app1.aux) (app2.aux) (app3.aux))

LaTeX Warning: There were undefined references.

 ) 
Here is how much of TeX's memory you used:
 2176 strings out of 95305
 22771 string characters out of 1185157
 73713 words of memory out of 1073829
 5093 multiletter control sequences out of 60000
 17951 words of font info for 68 fonts, out of 1000000 for 2000
 14 hyphenation exceptions out of 8191
 27i,12n,24p,335b,267s stack positions out of 5000i,500n,10000p,200000b,32768s
<C:/Program Files/MiKTeX 2.6/fonts/type1/bluesky/cm/cmbx10.pfb><C:/Program Fi
les/MiKTeX 2.6/fonts/type1/bluesky/cm/cmbx12.pfb><C:/Program Files/MiKTeX 2.6/f
onts/type1/bluesky/cm/cmex10.pfb><C:/Program Files/MiKTeX 2.6/fonts/type1/blues
ky/cm/cmmi10.pfb><C:/Program Files/MiKTeX 2.6/fonts/type1/bluesky/cm/cmmi6.pfb>
<C:/Program Files/MiKTeX 2.6/fonts/type1/bluesky/cm/cmmi8.pfb><C:/Program Files
/MiKTeX 2.6/fonts/type1/bluesky/cm/cmr10.pfb><C:/Program Files/MiKTeX 2.6/fonts
/type1/bluesky/cm/cmr12.pfb><C:/Program Files/MiKTeX 2.6/fonts/type1/bluesky/cm
/cmr17.pfb><C:/Program Files/MiKTeX 2.6/fonts/type1/bluesky/cm/cmr6.pfb><C:/Pro
gram Files/MiKTeX 2.6/fonts/type1/bluesky/cm/cmr7.pfb><C:/Program Files/MiKTeX 
2.6/fonts/type1/bluesky/cm/cmr8.pfb><C:/Program Files/MiKTeX 2.6/fonts/type1/bl
uesky/cm/cmr9.pfb><C:/Program Files/MiKTeX 2.6/fonts/type1/bluesky/cm/cmsl10.pf
b><C:/Program Files/MiKTeX 2.6/fonts/type1/bluesky/cm/cmsl8.pfb><C:/Program Fil
es/MiKTeX 2.6/fonts/type1/bluesky/cm/cmsy10.pfb><C:/Program Files/MiKTeX 2.6/fo
nts/type1/bluesky/cm/cmsy6.pfb><C:/Program Files/MiKTeX 2.6/fonts/type1/bluesky
/cm/cmsy8.pfb><C:/Program Files/MiKTeX 2.6/fonts/type1/bluesky/cm/cmti10.pfb><C
:/Program Files/MiKTeX 2.6/fonts/type1/bluesky/cm/cmti9.pfb><C:/Program Files/M
iKTeX 2.6/fonts/type1/bluesky/cm/cmtt10.pfb><C:/Program Files/MiKTeX 2.6/fonts/
type1/bluesky/cm/cmtt9.pfb><C:/Program Files/MiKTeX 2.6/fonts/type1/bluesky/ams
/msbm10.pfb>
Output written on report.pdf (22 pages, 445419 bytes).
PDF statistics:
 170 PDF objects out of 300000 (max. 8388607)
 0 named destinations out of 300000 (max. 131072)
 26 words of extra memory for PDF output out of 65536 (max. 10000000)

